<?xml version="1.0" encoding="UTF-8"?>
<!-- Generated by org.testng.reporters.JUnitXMLReporter -->
<testsuite hostname="BDC4-L-61062ND" ignored="0" name="Default test" tests="3" failures="0" timestamp="2020-05-28T12:16:54 IST" time="215.684" errors="0">
  <testcase name="createNewContactsTest" time="43.048" classname="com.crm.qa.tests.ContactsPageTest"/>
  <testcase name="createNewContactsTest" time="40.101" classname="com.crm.qa.tests.ContactsPageTest"/>
  <testcase name="createNewContactsTest" time="41.31" classname="com.crm.qa.tests.ContactsPageTest"/>
</testsuite> <!-- Default test -->
