<?xml version="1.0" encoding="UTF-8"?>
<!-- Generated by org.testng.reporters.JUnitXMLReporter -->
<testsuite hostname="BDC4-L-61062ND" ignored="2" name="Default test" tests="1" failures="0" timestamp="2020-05-22T00:04:27 IST" time="69.833" errors="0">
  <testcase name="validateLoginButtonTest" time="35.48" classname="com.crm.qa.tests.LaunchPageTest"/>
  <testcase name="validateSignupLinkTest" time="0.0" classname="com.crm.qa.tests.LaunchPageTest">
    <ignored/>
  </testcase> <!-- validateSignupLinkTest -->
  <testcase name="validateBrandLogoTest" time="0.0" classname="com.crm.qa.tests.LaunchPageTest">
    <ignored/>
  </testcase> <!-- validateBrandLogoTest -->
</testsuite> <!-- Default test -->
