<?xml version="1.0" encoding="UTF-8"?>
<testsuite xmlns:xsi="http://www.w3.org/2001/XMLSchema-instance" xsi:noNamespaceSchemaLocation="https://maven.apache.org/surefire/maven-surefire-plugin/xsd/surefire-test-report-3.0.xsd" version="3.0" name="TestSuite" time="253.3" tests="7" errors="0" skipped="0" failures="1">
  <properties>
[...]
</properties>
  <testcase name="validateBrandLogoTest" classname="com.crm.qa.tests.LaunchPageTest" time="1.295">
    <failure message="expected [true] but found [false]" type="java.lang.AssertionError"><![CDATA[java.lang.AssertionError: expected [true] but found [false]
	at com.crm.qa.tests.LaunchPageTest.validateBrandLogoTest(LaunchPageTest.java:33)
]]></failure>
    <system-err><![CDATA[Starting ChromeDriver 80.0.3987.106 (f68069574609230cf9b635cd784cfb1bf81bb53a-refs/branch-heads/3987@{#882}) on port 29182
Only local connections are allowed.
Please protect ports used by ChromeDriver and related test frameworks to prevent access by malicious code.
[1590391051.250][WARNING]: This version of ChromeDriver has not been tested with Chrome version 81.
[1590391052.057][WARNING]: This version of ChromeDriver has not been tested with Chrome version 81.
[1590391053.162][WARNING]: This version of ChromeDriver has not been tested with Chrome version 81.
[1590391054.259][WARNING]: This version of ChromeDriver has not been tested with Chrome version 81.
[1590391056.584][WARNING]: Timed out connecting to Chrome, retrying...
May 25, 2020 12:47:38 PM org.openqa.selenium.remote.ProtocolHandshake createSession
INFO: Detected dialect: W3C
[1590391060.848][WARNING]: Timed out connecting to Chrome, retrying...
[1590391064.400][SEVERE]: Timed out receiving message from renderer: 0.100
[1590391064.505][SEVERE]: Timed out receiving message from renderer: 0.100
[1590391064.684][SEVERE]: Timed out receiving message from renderer: 0.100
[1590391065.257][SEVERE]: Timed out receiving message from renderer: 0.100
[1590391065.442][SEVERE]: Timed out receiving message from renderer: 0.100
[1590391065.649][SEVERE]: Timed out receiving message from renderer: 0.100
[1590391065.889][SEVERE]: Timed out receiving message from renderer: 0.100
[1590391066.291][SEVERE]: Timed out receiving message from renderer: 0.100
]]></system-err>
  </testcase>
  <testcase name="validateLoginButtonTest" classname="com.crm.qa.tests.LaunchPageTest" time="8.365"/>
  <testcase name="validateSignupLinkTest" classname="com.crm.qa.tests.LaunchPageTest" time="5.32"/>
  <testcase name="validateLoginTest" classname="com.crm.qa.tests.LoginPageTest" time="4.28"/>
  <testcase name="validateForgotPasswordLinkTest" classname="com.crm.qa.tests.LoginPageTest" time="2.444"/>
  <testcase name="validateUserIconTest" classname="com.crm.qa.tests.HomePageTest" time="3.516"/>
  <testcase name="validateContactsPageLinkTest" classname="com.crm.qa.tests.HomePageTest" time="3.786"/>
</testsuite>