-------------------------------------------------------------------------------
Test set: TestSuite
-------------------------------------------------------------------------------
Tests run: 7, Failures: 1, Errors: 0, Skipped: 0, Time elapsed: 253.3 s <<< FAILURE! - in TestSuite
com.crm.qa.tests.LaunchPageTest.validateBrandLogoTest  Time elapsed: 1.295 s  <<< FAILURE!
java.lang.AssertionError: expected [true] but found [false]
	at com.crm.qa.tests.LaunchPageTest.validateBrandLogoTest(LaunchPageTest.java:33)

