<?xml version="1.0" encoding="UTF-8"?>
<testng-results skipped="0" failed="0" ignored="0" total="3" passed="3">
  <reporter-output>
  </reporter-output>
  <suite name="Default suite" duration-ms="136657" started-at="2020-05-26T13:00:11 IST" finished-at="2020-05-26T13:02:28 IST">
    <groups>
    </groups>
    <test name="Default test" duration-ms="136657" started-at="2020-05-26T13:00:11 IST" finished-at="2020-05-26T13:02:28 IST">
      <class name="com.crm.qa.tests.ContactsPageTest">
        <test-method status="PASS" signature="setUp()[pri:0, instance:com.crm.qa.tests.ContactsPageTest@6236eb5f]" name="setUp" is-config="true" duration-ms="71372" started-at="2020-05-26T13:00:11 IST" finished-at="2020-05-26T13:01:23 IST">
          <reporter-output>
          </reporter-output>
        </test-method> <!-- setUp -->
        <test-method status="PASS" signature="createNewContactsTest(java.lang.String, java.lang.String, java.lang.String)[pri:0, instance:com.crm.qa.tests.ContactsPageTest@6236eb5f]" name="createNewContactsTest" duration-ms="13025" started-at="2020-05-26T13:01:27 IST" data-provider="getData" finished-at="2020-05-26T13:01:40 IST">
          <params>
            <param index="0">
              <value>
                <![CDATA[Alok]]>
              </value>
            </param>
            <param index="1">
              <value>
                <![CDATA[Kr]]>
              </value>
            </param>
            <param index="2">
              <value>
                <![CDATA[Sharma]]>
              </value>
            </param>
          </params>
          <reporter-output>
          </reporter-output>
        </test-method> <!-- createNewContactsTest -->
        <test-method status="PASS" signature="createNewContactsTest(java.lang.String, java.lang.String, java.lang.String)[pri:0, instance:com.crm.qa.tests.ContactsPageTest@6236eb5f]" name="createNewContactsTest" duration-ms="23759" started-at="2020-05-26T13:01:40 IST" data-provider="getData" finished-at="2020-05-26T13:02:04 IST">
          <params>
            <param index="0">
              <value>
                <![CDATA[Punit]]>
              </value>
            </param>
            <param index="1">
              <value>
                <![CDATA[Raj]]>
              </value>
            </param>
            <param index="2">
              <value>
                <![CDATA[Pandit]]>
              </value>
            </param>
          </params>
          <reporter-output>
          </reporter-output>
        </test-method> <!-- createNewContactsTest -->
        <test-method status="PASS" signature="createNewContactsTest(java.lang.String, java.lang.String, java.lang.String)[pri:0, instance:com.crm.qa.tests.ContactsPageTest@6236eb5f]" name="createNewContactsTest" duration-ms="22301" started-at="2020-05-26T13:02:04 IST" data-provider="getData" finished-at="2020-05-26T13:02:26 IST">
          <params>
            <param index="0">
              <value>
                <![CDATA[Lokesh]]>
              </value>
            </param>
            <param index="1">
              <value>
                <![CDATA[Dev]]>
              </value>
            </param>
            <param index="2">
              <value>
                <![CDATA[Burman]]>
              </value>
            </param>
          </params>
          <reporter-output>
          </reporter-output>
        </test-method> <!-- createNewContactsTest -->
        <test-method status="PASS" signature="tearDown()[pri:0, instance:com.crm.qa.tests.ContactsPageTest@6236eb5f]" name="tearDown" is-config="true" duration-ms="1727" started-at="2020-05-26T13:02:26 IST" finished-at="2020-05-26T13:02:28 IST">
          <reporter-output>
          </reporter-output>
        </test-method> <!-- tearDown -->
      </class> <!-- com.crm.qa.tests.ContactsPageTest -->
    </test> <!-- Default test -->
  </suite> <!-- Default suite -->
</testng-results>
